<?xml version="1.0" encoding="UTF-8"?>
<testng-results ignored="0" total="4" passed="2" failed="2" skipped="0">
  <reporter-output>
  </reporter-output>
  <suite started-at="2021-01-27T00:05:41 IST" name="Suite" finished-at="2021-01-27T00:05:56 IST" duration-ms="15112">
    <groups>
    </groups>
    <test started-at="2021-01-27T00:05:41 IST" name="Test" finished-at="2021-01-27T00:05:56 IST" duration-ms="15112">
      <class name="com.Extentreports.Test2">
        <test-method signature="test2()[pri:0, instance:com.Extentreports.Test2@31920ade]" started-at="2021-01-27T00:05:41 IST" name="test2" finished-at="2021-01-27T00:05:41 IST" duration-ms="20" status="PASS">
          <reporter-output>
          </reporter-output>
        </test-method> <!-- test2 -->
      </class> <!-- com.Extentreports.Test2 -->
      <class name="com.Extentreports.Test1">
        <test-method signature="test1()[pri:0, instance:com.Extentreports.Test1@5c669da8]" started-at="2021-01-27T00:05:41 IST" name="test1" finished-at="2021-01-27T00:05:41 IST" duration-ms="18" status="PASS">
          <reporter-output>
          </reporter-output>
        </test-method> <!-- test1 -->
      </class> <!-- com.Extentreports.Test1 -->
      <class name="com.Extentreports.GoogleSearchTest">
        <test-method signature="openGoogle()[pri:0, instance:com.Extentreports.GoogleSearchTest@6337c201]" started-at="2021-01-27T00:05:41 IST" name="openGoogle" finished-at="2021-01-27T00:05:51 IST" duration-ms="10490" status="FAIL">
          <exception class="java.lang.AssertionError">
            <message>
              <![CDATA[expected [XXX] but found [Google]]]>
            </message>
            <full-stacktrace>
              <![CDATA[java.lang.AssertionError: expected [XXX] but found [Google]
at org.testng.Assert.fail(Assert.java:99)
at org.testng.Assert.failNotEquals(Assert.java:1037)
at org.testng.Assert.assertEqualsImpl(Assert.java:140)
at org.testng.Assert.assertEquals(Assert.java:122)
at org.testng.Assert.assertEquals(Assert.java:629)
at org.testng.Assert.assertEquals(Assert.java:639)
at com.Extentreports.GoogleSearchTest.openGoogle(GoogleSearchTest.java:39)
at java.base/jdk.internal.reflect.NativeMethodAccessorImpl.invoke0(Native Method)
at java.base/jdk.internal.reflect.NativeMethodAccessorImpl.invoke(NativeMethodAccessorImpl.java:62)
at java.base/jdk.internal.reflect.DelegatingMethodAccessorImpl.invoke(DelegatingMethodAccessorImpl.java:43)
at java.base/java.lang.reflect.Method.invoke(Method.java:564)
at org.testng.internal.MethodInvocationHelper.invokeMethod(MethodInvocationHelper.java:132)
at org.testng.internal.TestInvoker.invokeMethod(TestInvoker.java:599)
at org.testng.internal.TestInvoker.invokeTestMethod(TestInvoker.java:174)
at org.testng.internal.MethodRunner.runInSequence(MethodRunner.java:46)
at org.testng.internal.TestInvoker$MethodInvocationAgent.invoke(TestInvoker.java:822)
at org.testng.internal.TestInvoker.invokeTestMethods(TestInvoker.java:147)
at org.testng.internal.TestMethodWorker.invokeTestMethods(TestMethodWorker.java:146)
at org.testng.internal.TestMethodWorker.run(TestMethodWorker.java:128)
at java.base/java.util.concurrent.ThreadPoolExecutor.runWorker(ThreadPoolExecutor.java:1130)
at java.base/java.util.concurrent.ThreadPoolExecutor$Worker.run(ThreadPoolExecutor.java:630)
at java.base/java.lang.Thread.run(Thread.java:832)
]]>
            </full-stacktrace>
          </exception> <!-- java.lang.AssertionError -->
          <reporter-output>
          </reporter-output>
        </test-method> <!-- openGoogle -->
        <test-method signature="w3Schools()[pri:0, instance:com.Extentreports.GoogleSearchTest@6337c201]" started-at="2021-01-27T00:05:51 IST" name="w3Schools" finished-at="2021-01-27T00:05:55 IST" duration-ms="3640" status="FAIL">
          <exception class="java.lang.AssertionError">
            <message>
              <![CDATA[expected [YYY] but found [W3Schools Online Web Tutorials]]]>
            </message>
            <full-stacktrace>
              <![CDATA[java.lang.AssertionError: expected [YYY] but found [W3Schools Online Web Tutorials]
at org.testng.Assert.fail(Assert.java:99)
at org.testng.Assert.failNotEquals(Assert.java:1037)
at org.testng.Assert.assertEqualsImpl(Assert.java:140)
at org.testng.Assert.assertEquals(Assert.java:122)
at org.testng.Assert.assertEquals(Assert.java:629)
at org.testng.Assert.assertEquals(Assert.java:639)
at com.Extentreports.GoogleSearchTest.w3Schools(GoogleSearchTest.java:53)
at java.base/jdk.internal.reflect.NativeMethodAccessorImpl.invoke0(Native Method)
at java.base/jdk.internal.reflect.NativeMethodAccessorImpl.invoke(NativeMethodAccessorImpl.java:62)
at java.base/jdk.internal.reflect.DelegatingMethodAccessorImpl.invoke(DelegatingMethodAccessorImpl.java:43)
at java.base/java.lang.reflect.Method.invoke(Method.java:564)
at org.testng.internal.MethodInvocationHelper.invokeMethod(MethodInvocationHelper.java:132)
at org.testng.internal.TestInvoker.invokeMethod(TestInvoker.java:599)
at org.testng.internal.TestInvoker.invokeTestMethod(TestInvoker.java:174)
at org.testng.internal.MethodRunner.runInSequence(MethodRunner.java:46)
at org.testng.internal.TestInvoker$MethodInvocationAgent.invoke(TestInvoker.java:822)
at org.testng.internal.TestInvoker.invokeTestMethods(TestInvoker.java:147)
at org.testng.internal.TestMethodWorker.invokeTestMethods(TestMethodWorker.java:146)
at org.testng.internal.TestMethodWorker.run(TestMethodWorker.java:128)
at java.base/java.util.concurrent.ThreadPoolExecutor.runWorker(ThreadPoolExecutor.java:1130)
at java.base/java.util.concurrent.ThreadPoolExecutor$Worker.run(ThreadPoolExecutor.java:630)
at java.base/java.lang.Thread.run(Thread.java:832)
]]>
            </full-stacktrace>
          </exception> <!-- java.lang.AssertionError -->
          <reporter-output>
          </reporter-output>
        </test-method> <!-- w3Schools -->
        <test-method is-config="true" signature="closeBrowser()[pri:0, instance:com.Extentreports.GoogleSearchTest@6337c201]" started-at="2021-01-27T00:05:55 IST" name="closeBrowser" finished-at="2021-01-27T00:05:56 IST" duration-ms="156" status="PASS">
          <reporter-output>
          </reporter-output>
        </test-method> <!-- closeBrowser -->
      </class> <!-- com.Extentreports.GoogleSearchTest -->
    </test> <!-- Test -->
  </suite> <!-- Suite -->
</testng-results>
